# JRE version: OpenJDK Runtime Environment 18.9 (11.0.13+8) (build 11.0.13+8)
# Java VM: OpenJDK 64-Bit Server VM 18.9 (11.0.13+8, mixed mode, tiered, compressed oops, g1 gc, windows-amd64)
Heap:
 garbage-first heap   total 937984K, used 189440K [0x00000006e0000000, 0x0000000800000000)
  region size 1024K, 4 young (4096K), 4 survivors (4096K)
 Metaspace       used 99837K, capacity 105144K, committed 105264K, reserved 1140736K
  class space    used 12800K, capacity 14664K, committed 14720K, reserved 1048576K
GC Heap History (20 events):
Event: 140.641 GC heap after
{Heap after GC invocations=84 (full 0):
 garbage-first heap   total 159744K, used 113963K [0x00000006e0000000, 0x0000000800000000)
  region size 1024K, 3 young (3072K), 3 survivors (3072K)
 Metaspace       used 83341K, capacity 87446K, committed 87728K, reserved 1124352K
  class space    used 10820K, capacity 12222K, committed 12288K, reserved 1048576K
}
Event: 140.749 GC heap before
{Heap before GC invocations=84 (full 0):
 garbage-first heap   total 159744K, used 114987K [0x00000006e0000000, 0x0000000800000000)
  region size 1024K, 5 young (5120K), 3 survivors (3072K)
 Metaspace       used 83575K, capacity 87759K, committed 87984K, reserved 1124352K
  class space    used 10849K, capacity 12276K, committed 12288K, reserved 1048576K
}
Event: 140.759 GC heap after
{Heap after GC invocations=85 (full 0):
 garbage-first heap   total 159744K, used 114506K [0x00000006e0000000, 0x0000000800000000)
  region size 1024K, 2 young (2048K), 2 survivors (2048K)
 Metaspace       used 83575K, capacity 87759K, committed 87984K, reserved 1124352K
  class space    used 10849K, capacity 12276K, committed 12288K, reserved 1048576K
}
Event: 141.317 GC heap before
{Heap before GC invocations=86 (full 0):
 garbage-first heap   total 159744K, used 134986K [0x00000006e0000000, 0x0000000800000000)
  region size 1024K, 18 young (18432K), 2 survivors (2048K)
 Metaspace       used 84697K, capacity 88888K, committed 89136K, reserved 1126400K
  class space    used 11011K, capacity 12415K, committed 12416K, reserved 1048576K
}
Event: 141.329 GC heap after
{Heap after GC invocations=87 (full 0):
 garbage-first heap   total 249856K, used 120037K [0x00000006e0000000, 0x0000000800000000)
  region size 1024K, 2 young (2048K), 2 survivors (2048K)
 Metaspace       used 84697K, capacity 88888K, committed 89136K, reserved 1126400K
  class space    used 11011K, capacity 12415K, committed 12416K, reserved 1048576K
}
Event: 142.256 GC heap before
{Heap before GC invocations=87 (full 0):
 garbage-first heap   total 249856K, used 151781K [0x00000006e0000000, 0x0000000800000000)
  region size 1024K, 35 young (35840K), 2 survivors (2048K)
 Metaspace       used 86042K, capacity 90440K, committed 90800K, reserved 1128448K
  class space    used 11163K, capacity 12678K, committed 12800K, reserved 1048576K
}
Event: 142.313 GC heap after
{Heap after GC invocations=88 (full 0):
 garbage-first heap   total 249856K, used 123257K [0x00000006e0000000, 0x0000000800000000)
  region size 1024K, 6 young (6144K), 6 survivors (6144K)
 Metaspace       used 86042K, capacity 90440K, committed 90800K, reserved 1128448K
  class space    used 11163K, capacity 12678K, committed 12800K, reserved 1048576K
}
Event: 144.151 GC heap before
{Heap before GC invocations=89 (full 0):
 garbage-first heap   total 249856K, used 170361K [0x00000006e0000000, 0x0000000800000000)
  region size 1024K, 50 young (51200K), 6 survivors (6144K)
 Metaspace       used 88188K, capacity 92775K, committed 92848K, reserved 1128448K
  class space    used 11453K, capacity 13021K, committed 13056K, reserved 1048576K
}
Event: 144.210 GC heap after
{Heap after GC invocations=90 (full 0):
 garbage-first heap   total 249856K, used 132275K [0x00000006e0000000, 0x0000000800000000)
  region size 1024K, 7 young (7168K), 7 survivors (7168K)
 Metaspace       used 88188K, capacity 92775K, committed 92848K, reserved 1128448K
  class space    used 11453K, capacity 13021K, committed 13056K, reserved 1048576K
}
Event: 146.526 GC heap before
{Heap before GC invocations=90 (full 0):
 garbage-first heap   total 249856K, used 189619K [0x00000006e0000000, 0x0000000800000000)
  region size 1024K, 63 young (64512K), 7 survivors (7168K)
 Metaspace       used 90215K, capacity 94871K, committed 95024K, reserved 1130496K
  class space    used 11695K, capacity 13337K, committed 13440K, reserved 1048576K
}
Event: 146.723 GC heap after
{Heap after GC invocations=91 (full 0):
 garbage-first heap   total 249856K, used 144781K [0x00000006e0000000, 0x0000000800000000)
  region size 1024K, 8 young (8192K), 8 survivors (8192K)
 Metaspace       used 90215K, capacity 94871K, committed 95024K, reserved 1130496K
  class space    used 11695K, capacity 13337K, committed 13440K, reserved 1048576K
}
Event: 148.967 GC heap before
{Heap before GC invocations=92 (full 0):
 garbage-first heap   total 249856K, used 190861K [0x00000006e0000000, 0x0000000800000000)
  region size 1024K, 53 young (54272K), 8 survivors (8192K)
 Metaspace       used 92842K, capacity 97613K, committed 97840K, reserved 1134592K
  class space    used 12018K, capacity 13661K, committed 13696K, reserved 1048576K
}
Event: 149.006 GC heap after
{Heap after GC invocations=93 (full 0):
 garbage-first heap   total 468992K, used 150528K [0x00000006e0000000, 0x0000000800000000)
  region size 1024K, 5 young (5120K), 5 survivors (5120K)
 Metaspace       used 92842K, capacity 97613K, committed 97840K, reserved 1134592K
  class space    used 12018K, capacity 13661K, committed 13696K, reserved 1048576K
}
Event: 154.107 GC heap before
{Heap before GC invocations=93 (full 0):
 garbage-first heap   total 468992K, used 259072K [0x00000006e0000000, 0x0000000800000000)
  region size 1024K, 112 young (114688K), 5 survivors (5120K)
 Metaspace       used 98375K, capacity 103527K, committed 103600K, reserved 1138688K
  class space    used 12716K, capacity 14552K, committed 14592K, reserved 1048576K
}
Event: 154.176 GC heap after
{Heap after GC invocations=94 (full 0):
 garbage-first heap   total 468992K, used 159103K [0x00000006e0000000, 0x0000000800000000)
  region size 1024K, 14 young (14336K), 14 survivors (14336K)
 Metaspace       used 98375K, capacity 103527K, committed 103600K, reserved 1138688K
  class space    used 12716K, capacity 14552K, committed 14592K, reserved 1048576K
}
Event: 159.750 GC heap before
{Heap before GC invocations=94 (full 0):
 garbage-first heap   total 468992K, used 301439K [0x00000006e0000000, 0x0000000800000000)
  region size 1024K, 154 young (157696K), 14 survivors (14336K)
 Metaspace       used 99229K, capacity 104494K, committed 104752K, reserved 1138688K
  class space    used 12760K, capacity 14609K, committed 14720K, reserved 1048576K
}
Event: 159.923 GC heap after
{Heap after GC invocations=95 (full 0):
 garbage-first heap   total 468992K, used 170608K [0x00000006e0000000, 0x0000000800000000)
  region size 1024K, 20 young (20480K), 20 survivors (20480K)
 Metaspace       used 99229K, capacity 104494K, committed 104752K, reserved 1138688K
  class space    used 12760K, capacity 14609K, committed 14720K, reserved 1048576K
}
Event: 166.165 GC heap before
{Heap before GC invocations=95 (full 0):
 garbage-first heap   total 468992K, used 344688K [0x00000006e0000000, 0x0000000800000000)
  region size 1024K, 191 young (195584K), 20 survivors (20480K)
 Metaspace       used 99837K, capacity 105144K, committed 105264K, reserved 1140736K
  class space    used 12800K, capacity 14664K, committed 14720K, reserved 1048576K
}
Event: 167.031 GC heap after
{Heap after GC invocations=96 (full 0):
 garbage-first heap   total 468992K, used 184900K [0x00000006e0000000, 0x0000000800000000)
  region size 1024K, 24 young (24576K), 24 survivors (24576K)
 Metaspace       used 99837K, capacity 105144K, committed 105264K, reserved 1140736K
  class space    used 12800K, capacity 14664K, committed 14720K, reserved 1048576K
}
Event: 167.179 GC heap before
{Heap before GC invocations=96 (full 0):
 garbage-first heap   total 468992K, used 184900K [0x00000006e0000000, 0x0000000800000000)
  region size 1024K, 25 young (25600K), 24 survivors (24576K)
 Metaspace       used 99837K, capacity 105144K, committed 105264K, reserved 1140736K
  class space    used 12800K, capacity 14664K, committed 14720K, reserved 1048576K
}

